MouseWheelForwardEvent 344 262 0 0 0 0
StartInteractionEvent 344 262 0 0 0 0
RenderEvent 344 262 0 0 0 0
EndInteractionEvent 344 262 0 0 0 0
RenderEvent 344 262 0 0 0 0
MouseWheelForwardEvent 344 262 0 0 0 0
StartInteractionEvent 344 262 0 0 0 0
RenderEvent 344 262 0 0 0 0
EndInteractionEvent 344 262 0 0 0 0
RenderEvent 344 262 0 0 0 0
MouseWheelForwardEvent 344 262 0 0 0 0
StartInteractionEvent 344 262 0 0 0 0
RenderEvent 344 262 0 0 0 0
EndInteractionEvent 344 262 0 0 0 0
RenderEvent 344 262 0 0 0 0
MouseWheelForwardEvent 344 262 0 0 0 0
StartInteractionEvent 344 262 0 0 0 0
RenderEvent 344 262 0 0 0 0
EndInteractionEvent 344 262 0 0 0 0
RenderEvent 344 262 0 0 0 0
MouseWheelForwardEvent 344 262 0 0 0 0
StartInteractionEvent 344 262 0 0 0 0
RenderEvent 344 262 0 0 0 0
EndInteractionEvent 344 262 0 0 0 0
RenderEvent 344 262 0 0 0 0
MouseWheelBackwardEvent 344 262 0 0 0 0
StartInteractionEvent 344 262 0 0 0 0
RenderEvent 344 262 0 0 0 0
EndInteractionEvent 344 262 0 0 0 0
RenderEvent 344 262 0 0 0 0
MouseWheelBackwardEvent 344 262 0 0 0 0
StartInteractionEvent 344 262 0 0 0 0
RenderEvent 344 262 0 0 0 0
EndInteractionEvent 344 262 0 0 0 0
RenderEvent 344 262 0 0 0 0
MouseWheelBackwardEvent 344 262 0 0 0 0
StartInteractionEvent 344 262 0 0 0 0
RenderEvent 344 262 0 0 0 0
EndInteractionEvent 344 262 0 0 0 0
RenderEvent 344 262 0 0 0 0
MouseWheelBackwardEvent 344 262 0 0 0 0
StartInteractionEvent 344 262 0 0 0 0
RenderEvent 344 262 0 0 0 0
EndInteractionEvent 344 262 0 0 0 0
RenderEvent 344 262 0 0 0 0
MouseWheelBackwardEvent 344 262 0 0 0 0
StartInteractionEvent 344 262 0 0 0 0
RenderEvent 344 262 0 0 0 0
EndInteractionEvent 344 262 0 0 0 0
RenderEvent 344 262 0 0 0 0
MouseWheelBackwardEvent 344 262 0 0 0 0
StartInteractionEvent 344 262 0 0 0 0
RenderEvent 344 262 0 0 0 0
EndInteractionEvent 344 262 0 0 0 0
RenderEvent 344 262 0 0 0 0
MouseWheelBackwardEvent 344 262 0 0 0 0
StartInteractionEvent 344 262 0 0 0 0
RenderEvent 344 262 0 0 0 0
EndInteractionEvent 344 262 0 0 0 0
RenderEvent 344 262 0 0 0 0
MouseWheelBackwardEvent 344 262 0 0 0 0
StartInteractionEvent 344 262 0 0 0 0
RenderEvent 344 262 0 0 0 0
EndInteractionEvent 344 262 0 0 0 0
RenderEvent 344 262 0 0 0 0
MouseWheelBackwardEvent 344 262 0 0 0 0
StartInteractionEvent 344 262 0 0 0 0
RenderEvent 344 262 0 0 0 0
EndInteractionEvent 344 262 0 0 0 0
RenderEvent 344 262 0 0 0 0
MouseWheelBackwardEvent 344 262 0 0 0 0
StartInteractionEvent 344 262 0 0 0 0
RenderEvent 344 262 0 0 0 0
EndInteractionEvent 344 262 0 0 0 0
RenderEvent 344 262 0 0 0 0
MouseWheelBackwardEvent 344 262 0 0 0 0
StartInteractionEvent 344 262 0 0 0 0
RenderEvent 344 262 0 0 0 0
EndInteractionEvent 344 262 0 0 0 0
RenderEvent 344 262 0 0 0 0
MouseMoveEvent 344 263 0 0 0 0